C:\Program Files (x86)\Microsoft Visual Studio\2017\Community\Common7\IDE\VC\VCTargets\Microsoft.CppBuild.targets(376,5): warning MSB8004: Intermediate Directory does not end with a trailing slash.  This build instance will add the slash as it is required to allow proper evaluation of the Intermediate Directory.
C:\Program Files (x86)\Microsoft Visual Studio\2017\Community\Common7\IDE\VC\VCTargets\Microsoft.CppBuild.targets(377,5): warning MSB8004: Output Directory does not end with a trailing slash.  This build instance will add the slash as it is required to allow proper evaluation of the Output Directory.
cl : Command line warning D9002: ignoring unknown option '/arch:SSE2'
  analysis.c
  barkmel.c
  bitrate.c
d:\dev\parallax engine\parallax\libvorbis\lib\bitrate.c(41): warning C4244: '=': conversion from 'double' to 'long', possible loss of data
d:\dev\parallax engine\parallax\libvorbis\lib\bitrate.c(42): warning C4244: '=': conversion from 'double' to 'long', possible loss of data
d:\dev\parallax engine\parallax\libvorbis\lib\bitrate.c(43): warning C4244: '=': conversion from 'double' to 'long', possible loss of data
d:\dev\parallax engine\parallax\libvorbis\lib\bitrate.c(50): warning C4244: 'initializing': conversion from 'double' to 'long', possible loss of data
d:\dev\parallax engine\parallax\libvorbis\lib\bitrate.c(134): warning C4244: '=': conversion from 'double' to 'int', possible loss of data
d:\dev\parallax engine\parallax\libvorbis\lib\bitrate.c(82): warning C4244: 'initializing': conversion from 'double' to 'int', possible loss of data
d:\dev\parallax engine\parallax\libvorbis\lib\bitrate.c(87): warning C4244: 'initializing': conversion from 'double' to 'long', possible loss of data
  block.c
d:\dev\parallax engine\parallax\libvorbis\lib\block.c(863): warning C4244: 'initializing': conversion from 'ogg_int64_t' to 'long', possible loss of data
d:\dev\parallax engine\parallax\libvorbis\lib\block.c(901): warning C4244: 'initializing': conversion from 'ogg_int64_t' to 'long', possible loss of data
  codebook.c
d:\dev\parallax engine\parallax\libvorbis\lib\codebook.c(182): warning C4244: '=': conversion from 'long' to 'char', possible loss of data
d:\dev\parallax engine\parallax\libvorbis\lib\codebook.c(191): warning C4244: '=': conversion from 'long' to 'char', possible loss of data
d:\dev\parallax engine\parallax\libvorbis\lib\codebook.c(213): warning C4244: '=': conversion from 'long' to 'char', possible loss of data
  envelope.c
d:\dev\parallax engine\parallax\libvorbis\lib\envelope.c(47): warning C4244: '=': conversion from 'double' to 'float', possible loss of data
d:\dev\parallax engine\parallax\libvorbis\lib\envelope.c(64): warning C4244: '=': conversion from 'double' to 'float', possible loss of data
d:\dev\parallax engine\parallax\libvorbis\lib\envelope.c(67): warning C4244: '=': conversion from 'double' to 'float', possible loss of data
d:\dev\parallax engine\parallax\libvorbis\lib\envelope.c(144): warning C4244: '=': conversion from 'double' to 'float', possible loss of data
d:\dev\parallax engine\parallax\libvorbis\lib\envelope.c(126): warning C4244: 'initializing': conversion from 'double' to 'float', possible loss of data
  floor0.c
d:\dev\parallax engine\parallax\libvorbis\lib\floor0.c(125): warning C4244: 'initializing': conversion from 'double' to 'float', possible loss of data
d:\dev\parallax engine\parallax\libvorbis\lib\floor0.c(135): warning C4244: 'initializing': conversion from 'double' to 'int', possible loss of data
  floor1.c
d:\dev\parallax engine\parallax\libvorbis\lib\floor1.c(209): warning C4244: '=': conversion from '__int64' to 'int', possible loss of data
d:\dev\parallax engine\parallax\libvorbis\lib\floor1.c(274): warning C4244: 'initializing': conversion from 'const float' to 'int', possible loss of data
d:\dev\parallax engine\parallax\libvorbis\lib\floor1.c(498): warning C4244: '=': conversion from 'double' to 'int', possible loss of data
d:\dev\parallax engine\parallax\libvorbis\lib\floor1.c(499): warning C4244: '=': conversion from 'double' to 'int', possible loss of data
  info.c
d:\dev\parallax engine\parallax\libvorbis\lib\info.c(46): warning C4244: '=': conversion from 'long' to 'char', possible loss of data
d:\dev\parallax engine\parallax\libvorbis\lib\info.c(59): warning C4267: '=': conversion from 'size_t' to 'int', possible loss of data
d:\dev\parallax engine\parallax\libvorbis\lib\info.c(91): warning C4267: 'initializing': conversion from 'size_t' to 'int', possible loss of data
d:\dev\parallax engine\parallax\libvorbis\lib\info.c(114): warning C4267: 'initializing': conversion from 'size_t' to 'int', possible loss of data
d:\dev\parallax engine\parallax\libvorbis\lib\info.c(472): warning C4267: 'initializing': conversion from 'size_t' to 'int', possible loss of data
  lookup.c
  lpc.c
d:\dev\parallax engine\parallax\libvorbis\lib\lpc.c(129): warning C4244: 'return': conversion from 'double' to 'float', possible loss of data
  lsp.c
d:\dev\parallax engine\parallax\libvorbis\lib\lsp.c(251): warning C4244: '=': conversion from 'double' to 'float', possible loss of data
d:\dev\parallax engine\parallax\libvorbis\lib\lsp.c(275): warning C4244: '=': conversion from 'double' to 'float', possible loss of data
d:\dev\parallax engine\parallax\libvorbis\lib\lsp.c(258): warning C4244: 'initializing': conversion from 'double' to 'float', possible loss of data
d:\dev\parallax engine\parallax\libvorbis\lib\lsp.c(349): warning C4244: '=': conversion from 'double' to 'float', possible loss of data
d:\dev\parallax engine\parallax\libvorbis\lib\lsp.c(396): warning C4244: '=': conversion from 'double' to 'float', possible loss of data
d:\dev\parallax engine\parallax\libvorbis\lib\lsp.c(448): warning C4244: '=': conversion from 'double' to 'float', possible loss of data
d:\dev\parallax engine\parallax\libvorbis\lib\lsp.c(451): warning C4244: '=': conversion from 'double' to 'float', possible loss of data
  mapping0.c
d:\dev\parallax engine\parallax\libvorbis\lib\mapping0.c(264): warning C4244: '=': conversion from 'double' to 'float', possible loss of data
d:\dev\parallax engine\parallax\libvorbis\lib\mapping0.c(310): warning C4244: '=': conversion from 'double' to 'float', possible loss of data
d:\dev\parallax engine\parallax\libvorbis\lib\mapping0.c(327): warning C4244: '=': conversion from 'double' to 'float', possible loss of data
d:\dev\parallax engine\parallax\libvorbis\lib\mapping0.c(385): warning C4244: '=': conversion from 'double' to 'float', possible loss of data
  mdct.c
d:\dev\parallax engine\parallax\libvorbis\lib\mdct.c(57): warning C4244: '=': conversion from 'double' to 'int', possible loss of data
d:\dev\parallax engine\parallax\libvorbis\lib\mdct.c(65): warning C4244: '=': conversion from 'double' to 'float', possible loss of data
d:\dev\parallax engine\parallax\libvorbis\lib\mdct.c(66): warning C4244: '=': conversion from 'double' to 'float', possible loss of data
d:\dev\parallax engine\parallax\libvorbis\lib\mdct.c(67): warning C4244: '=': conversion from 'double' to 'float', possible loss of data
d:\dev\parallax engine\parallax\libvorbis\lib\mdct.c(68): warning C4244: '=': conversion from 'double' to 'float', possible loss of data
d:\dev\parallax engine\parallax\libvorbis\lib\mdct.c(71): warning C4244: '=': conversion from 'double' to 'float', possible loss of data
d:\dev\parallax engine\parallax\libvorbis\lib\mdct.c(72): warning C4244: '=': conversion from 'double' to 'float', possible loss of data
  psy.c
d:\dev\parallax engine\parallax\libvorbis\lib\psy.c(136): warning C4244: 'function': conversion from 'double' to 'float', possible loss of data
d:\dev\parallax engine\parallax\libvorbis\lib\psy.c(138): warning C4244: 'function': conversion from 'double' to 'float', possible loss of data
d:\dev\parallax engine\parallax\libvorbis\lib\psy.c(172): warning C4244: '=': conversion from 'double' to 'int', possible loss of data
d:\dev\parallax engine\parallax\libvorbis\lib\psy.c(173): warning C4244: '=': conversion from 'double' to 'int', possible loss of data
d:\dev\parallax engine\parallax\libvorbis\lib\psy.c(174): warning C4244: '=': conversion from 'double' to 'int', possible loss of data
d:\dev\parallax engine\parallax\libvorbis\lib\psy.c(253): warning C4244: '=': conversion from 'int' to 'float', possible loss of data
d:\dev\parallax engine\parallax\libvorbis\lib\psy.c(258): warning C4244: '=': conversion from 'int' to 'float', possible loss of data
d:\dev\parallax engine\parallax\libvorbis\lib\psy.c(191): warning C4244: 'initializing': conversion from 'double' to 'int', possible loss of data
d:\dev\parallax engine\parallax\libvorbis\lib\psy.c(192): warning C4244: 'initializing': conversion from 'double' to 'int', possible loss of data
d:\dev\parallax engine\parallax\libvorbis\lib\psy.c(216): warning C4244: 'initializing': conversion from 'double' to 'int', possible loss of data
d:\dev\parallax engine\parallax\libvorbis\lib\psy.c(217): warning C4244: 'initializing': conversion from 'double' to 'int', possible loss of data
d:\dev\parallax engine\parallax\libvorbis\lib\psy.c(238): warning C4244: 'initializing': conversion from 'double' to 'int', possible loss of data
d:\dev\parallax engine\parallax\libvorbis\lib\psy.c(273): warning C4244: '=': conversion from 'double' to 'long', possible loss of data
d:\dev\parallax engine\parallax\libvorbis\lib\psy.c(275): warning C4244: '=': conversion from 'double' to 'long', possible loss of data
d:\dev\parallax engine\parallax\libvorbis\lib\psy.c(276): warning C4244: '=': conversion from 'double' to 'long', possible loss of data
d:\dev\parallax engine\parallax\libvorbis\lib\psy.c(300): warning C4244: '=': conversion from 'double' to 'float', possible loss of data
d:\dev\parallax engine\parallax\libvorbis\lib\psy.c(324): warning C4244: '=': conversion from 'double' to 'long', possible loss of data
d:\dev\parallax engine\parallax\libvorbis\lib\psy.c(326): warning C4244: 'function': conversion from 'double' to 'float', possible loss of data
d:\dev\parallax engine\parallax\libvorbis\lib\psy.c(347): warning C4244: '=': conversion from 'double' to 'float', possible loss of data
d:\dev\parallax engine\parallax\libvorbis\lib\psy.c(295): warning C4244: 'initializing': conversion from 'double' to 'int', possible loss of data
d:\dev\parallax engine\parallax\libvorbis\lib\psy.c(311): warning C4244: 'initializing': conversion from 'double' to 'float', possible loss of data
d:\dev\parallax engine\parallax\libvorbis\lib\psy.c(335): warning C4244: 'initializing': conversion from 'double' to 'float', possible loss of data
d:\dev\parallax engine\parallax\libvorbis\lib\psy.c(401): warning C4244: '=': conversion from 'const float' to 'int', possible loss of data
d:\dev\parallax engine\parallax\libvorbis\lib\psy.c(403): warning C4244: '=': conversion from 'const float' to 'int', possible loss of data
d:\dev\parallax engine\parallax\libvorbis\lib\psy.c(570): warning C4244: '=': conversion from 'double' to 'float', possible loss of data
d:\dev\parallax engine\parallax\libvorbis\lib\psy.c(738): warning C4244: 'initializing': conversion from 'double' to 'int', possible loss of data
d:\dev\parallax engine\parallax\libvorbis\lib\psy.c(806): warning C4244: '=': conversion from 'double' to 'float', possible loss of data
d:\dev\parallax engine\parallax\libvorbis\lib\psy.c(817): warning C4244: '=': conversion from 'double' to 'float', possible loss of data
d:\dev\parallax engine\parallax\libvorbis\lib\psy.c(921): warning C4244: 'initializing': conversion from 'double' to 'float', possible loss of data
d:\dev\parallax engine\parallax\libvorbis\lib\psy.c(952): warning C4244: '=': conversion from 'double' to 'int', possible loss of data
d:\dev\parallax engine\parallax\libvorbis\lib\psy.c(954): warning C4244: '=': conversion from 'double' to 'int', possible loss of data
d:\dev\parallax engine\parallax\libvorbis\lib\psy.c(975): warning C4244: '=': conversion from 'double' to 'int', possible loss of data
d:\dev\parallax engine\parallax\libvorbis\lib\psy.c(977): warning C4244: '=': conversion from 'double' to 'int', possible loss of data
d:\dev\parallax engine\parallax\libvorbis\lib\psy.c(991): warning C4244: '=': conversion from 'float' to 'int', possible loss of data
d:\dev\parallax engine\parallax\libvorbis\lib\psy.c(989): warning C4244: 'initializing': conversion from '__int64' to 'int', possible loss of data
d:\dev\parallax engine\parallax\libvorbis\lib\psy.c(1049): warning C4244: '=': conversion from 'const double' to 'float', possible loss of data
d:\dev\parallax engine\parallax\libvorbis\lib\psy.c(1127): warning C4244: '=': conversion from 'double' to 'float', possible loss of data
d:\dev\parallax engine\parallax\libvorbis\lib\psy.c(1156): warning C4244: '=': conversion from 'double' to 'float', possible loss of data
d:\dev\parallax engine\parallax\libvorbis\lib\psy.c(1175): warning C4244: '=': conversion from 'double' to 'float', possible loss of data
d:\dev\parallax engine\parallax\libvorbis\lib\psy.c(1177): warning C4244: '=': conversion from 'double' to 'float', possible loss of data
d:\dev\parallax engine\parallax\libvorbis\lib\psy.c(1020): warning C4244: 'initializing': conversion from 'const double' to 'float', possible loss of data
d:\dev\parallax engine\parallax\libvorbis\lib\psy.c(1021): warning C4244: 'initializing': conversion from 'const double' to 'float', possible loss of data
  registry.c
  res0.c
d:\dev\parallax engine\parallax\libvorbis\lib\res0.c(442): warning C4244: '*=': conversion from 'float' to 'int', possible loss of data
d:\dev\parallax engine\parallax\libvorbis\lib\res0.c(422): warning C4244: 'initializing': conversion from 'double' to 'float', possible loss of data
  sharedbook.c
d:\dev\parallax engine\parallax\libvorbis\lib\sharedbook.c(53): warning C4244: '=': conversion from 'double' to 'long', possible loss of data
d:\dev\parallax engine\parallax\libvorbis\lib\sharedbook.c(54): warning C4244: '=': conversion from 'double' to 'long', possible loss of data
d:\dev\parallax engine\parallax\libvorbis\lib\sharedbook.c(65): warning C4244: 'return': conversion from 'double' to 'float', possible loss of data
d:\dev\parallax engine\parallax\libvorbis\lib\sharedbook.c(165): warning C4244: '=': conversion from 'double' to 'long', possible loss of data
d:\dev\parallax engine\parallax\libvorbis\lib\sharedbook.c(229): warning C4244: '=': conversion from 'double' to 'float', possible loss of data
d:\dev\parallax engine\parallax\libvorbis\lib\sharedbook.c(249): warning C4244: '=': conversion from 'double' to 'float', possible loss of data
d:\dev\parallax engine\parallax\libvorbis\lib\sharedbook.c(228): warning C4244: 'initializing': conversion from 'long' to 'float', possible loss of data
d:\dev\parallax engine\parallax\libvorbis\lib\sharedbook.c(248): warning C4244: 'initializing': conversion from 'long' to 'float', possible loss of data
d:\dev\parallax engine\parallax\libvorbis\lib\sharedbook.c(362): warning C4244: 'initializing': conversion from '__int64' to 'int', possible loss of data
  smallft.c
d:\dev\parallax engine\parallax\libvorbis\lib\smallft.c(98): warning C4244: '=': conversion from 'double' to 'float', possible loss of data
d:\dev\parallax engine\parallax\libvorbis\lib\smallft.c(99): warning C4244: '=': conversion from 'double' to 'float', possible loss of data
d:\dev\parallax engine\parallax\libvorbis\lib\smallft.c(282): warning C4244: '=': conversion from 'double' to 'float', possible loss of data
d:\dev\parallax engine\parallax\libvorbis\lib\smallft.c(283): warning C4244: '=': conversion from 'double' to 'float', possible loss of data
d:\dev\parallax engine\parallax\libvorbis\lib\smallft.c(852): warning C4244: '=': conversion from 'double' to 'float', possible loss of data
d:\dev\parallax engine\parallax\libvorbis\lib\smallft.c(853): warning C4244: '=': conversion from 'double' to 'float', possible loss of data
  synthesis.c
  Compiling...
  vorbisenc.c
d:\dev\parallax engine\parallax\libvorbis\lib\modes\psych_44.h(26): warning C4244: 'initializing': conversion from 'double' to 'int', possible loss of data
d:\dev\parallax engine\parallax\libvorbis\lib\modes\psych_44.h(32): warning C4244: 'initializing': conversion from 'double' to 'int', possible loss of data
d:\dev\parallax engine\parallax\libvorbis\lib\modes\psych_44.h(38): warning C4244: 'initializing': conversion from 'double' to 'int', possible loss of data
d:\dev\parallax engine\parallax\libvorbis\lib\modes\psych_44.h(44): warning C4244: 'initializing': conversion from 'double' to 'int', possible loss of data
d:\dev\parallax engine\parallax\libvorbis\lib\modes\psych_44.h(50): warning C4244: 'initializing': conversion from 'double' to 'int', possible loss of data
d:\dev\parallax engine\parallax\libvorbis\lib\vorbisenc.c(247): warning C4244: '=': conversion from 'double' to 'float', possible loss of data
d:\dev\parallax engine\parallax\libvorbis\lib\vorbisenc.c(248): warning C4244: '=': conversion from 'double' to 'float', possible loss of data
d:\dev\parallax engine\parallax\libvorbis\lib\vorbisenc.c(250): warning C4244: '=': conversion from 'double' to 'float', possible loss of data
d:\dev\parallax engine\parallax\libvorbis\lib\vorbisenc.c(230): warning C4244: 'initializing': conversion from 'double' to 'int', possible loss of data
d:\dev\parallax engine\parallax\libvorbis\lib\vorbisenc.c(271): warning C4244: '=': conversion from 'double' to 'int', possible loss of data
d:\dev\parallax engine\parallax\libvorbis\lib\vorbisenc.c(272): warning C4244: '=': conversion from 'double' to 'int', possible loss of data
d:\dev\parallax engine\parallax\libvorbis\lib\vorbisenc.c(273): warning C4244: '=': conversion from 'float' to 'int', possible loss of data
d:\dev\parallax engine\parallax\libvorbis\lib\vorbisenc.c(275): warning C4244: '=': conversion from 'double' to 'float', possible loss of data
d:\dev\parallax engine\parallax\libvorbis\lib\vorbisenc.c(276): warning C4244: '=': conversion from 'double' to 'int', possible loss of data
d:\dev\parallax engine\parallax\libvorbis\lib\vorbisenc.c(277): warning C4244: '=': conversion from 'double' to 'int', possible loss of data
d:\dev\parallax engine\parallax\libvorbis\lib\vorbisenc.c(283): warning C4244: '=': conversion from 'double' to 'int', possible loss of data
d:\dev\parallax engine\parallax\libvorbis\lib\vorbisenc.c(284): warning C4244: '=': conversion from 'double' to 'int', possible loss of data
d:\dev\parallax engine\parallax\libvorbis\lib\vorbisenc.c(285): warning C4244: '=': conversion from 'float' to 'int', possible loss of data
d:\dev\parallax engine\parallax\libvorbis\lib\vorbisenc.c(288): warning C4244: '=': conversion from 'double' to 'float', possible loss of data
d:\dev\parallax engine\parallax\libvorbis\lib\vorbisenc.c(290): warning C4244: '=': conversion from 'double' to 'int', possible loss of data
d:\dev\parallax engine\parallax\libvorbis\lib\vorbisenc.c(291): warning C4244: '=': conversion from 'double' to 'int', possible loss of data
d:\dev\parallax engine\parallax\libvorbis\lib\vorbisenc.c(257): warning C4244: 'initializing': conversion from 'const double' to 'float', possible loss of data
d:\dev\parallax engine\parallax\libvorbis\lib\vorbisenc.c(258): warning C4244: 'initializing': conversion from 'float' to 'int', possible loss of data
d:\dev\parallax engine\parallax\libvorbis\lib\vorbisenc.c(270): warning C4244: 'initializing': conversion from 'double' to 'float', possible loss of data
d:\dev\parallax engine\parallax\libvorbis\lib\vorbisenc.c(281): warning C4244: 'initializing': conversion from 'double' to 'float', possible loss of data
d:\dev\parallax engine\parallax\libvorbis\lib\vorbisenc.c(311): warning C4244: 'initializing': conversion from 'double' to 'int', possible loss of data
d:\dev\parallax engine\parallax\libvorbis\lib\vorbisenc.c(344): warning C4244: '=': conversion from 'double' to 'float', possible loss of data
d:\dev\parallax engine\parallax\libvorbis\lib\vorbisenc.c(345): warning C4244: '=': conversion from 'double' to 'float', possible loss of data
d:\dev\parallax engine\parallax\libvorbis\lib\vorbisenc.c(346): warning C4244: '=': conversion from 'double' to 'float', possible loss of data
d:\dev\parallax engine\parallax\libvorbis\lib\vorbisenc.c(347): warning C4244: '=': conversion from 'double' to 'float', possible loss of data
d:\dev\parallax engine\parallax\libvorbis\lib\vorbisenc.c(348): warning C4244: '=': conversion from 'double' to 'float', possible loss of data
d:\dev\parallax engine\parallax\libvorbis\lib\vorbisenc.c(350): warning C4244: '=': conversion from 'double' to 'float', possible loss of data
d:\dev\parallax engine\parallax\libvorbis\lib\vorbisenc.c(353): warning C4244: '=': conversion from 'double' to 'float', possible loss of data
d:\dev\parallax engine\parallax\libvorbis\lib\vorbisenc.c(337): warning C4244: 'initializing': conversion from 'double' to 'int', possible loss of data
d:\dev\parallax engine\parallax\libvorbis\lib\vorbisenc.c(376): warning C4244: '=': conversion from 'double' to 'float', possible loss of data
d:\dev\parallax engine\parallax\libvorbis\lib\vorbisenc.c(361): warning C4244: 'initializing': conversion from 'double' to 'int', possible loss of data
d:\dev\parallax engine\parallax\libvorbis\lib\vorbisenc.c(387): warning C4244: '=': conversion from 'double' to 'float', possible loss of data
d:\dev\parallax engine\parallax\libvorbis\lib\vorbisenc.c(382): warning C4244: 'initializing': conversion from 'double' to 'int', possible loss of data
d:\dev\parallax engine\parallax\libvorbis\lib\vorbisenc.c(402): warning C4244: '=': conversion from 'double' to 'float', possible loss of data
d:\dev\parallax engine\parallax\libvorbis\lib\vorbisenc.c(409): warning C4244: '=': conversion from 'double' to 'float', possible loss of data
d:\dev\parallax engine\parallax\libvorbis\lib\vorbisenc.c(416): warning C4244: '+=': conversion from 'double' to 'float', possible loss of data
d:\dev\parallax engine\parallax\libvorbis\lib\vorbisenc.c(397): warning C4244: 'initializing': conversion from 'double' to 'int', possible loss of data
d:\dev\parallax engine\parallax\libvorbis\lib\vorbisenc.c(428): warning C4244: '=': conversion from 'double' to 'float', possible loss of data
d:\dev\parallax engine\parallax\libvorbis\lib\vorbisenc.c(429): warning C4244: '=': conversion from 'double' to 'float', possible loss of data
d:\dev\parallax engine\parallax\libvorbis\lib\vorbisenc.c(446): warning C4244: 'initializing': conversion from 'double' to 'int', possible loss of data
d:\dev\parallax engine\parallax\libvorbis\lib\vorbisenc.c(528): warning C4244: '=': conversion from 'double' to 'int', possible loss of data
d:\dev\parallax engine\parallax\libvorbis\lib\vorbisenc.c(592): warning C4244: 'initializing': conversion from 'double' to 'int', possible loss of data
d:\dev\parallax engine\parallax\libvorbis\lib\vorbisenc.c(621): warning C4244: 'initializing': conversion from 'double' to 'int', possible loss of data
d:\dev\parallax engine\parallax\libvorbis\lib\vorbisenc.c(658): warning C4244: 'initializing': conversion from 'const double' to 'float', possible loss of data
d:\dev\parallax engine\parallax\libvorbis\lib\vorbisenc.c(659): warning C4244: 'initializing': conversion from 'const double' to 'float', possible loss of data
d:\dev\parallax engine\parallax\libvorbis\lib\vorbisenc.c(660): warning C4244: 'initializing': conversion from 'double' to 'float', possible loss of data
d:\dev\parallax engine\parallax\libvorbis\lib\vorbisenc.c(716): warning C4244: 'function': conversion from 'double' to 'int', possible loss of data
d:\dev\parallax engine\parallax\libvorbis\lib\vorbisenc.c(833): warning C4244: '=': conversion from 'double' to 'long', possible loss of data
d:\dev\parallax engine\parallax\libvorbis\lib\vorbisenc.c(839): warning C4244: '=': conversion from 'double' to 'long', possible loss of data
d:\dev\parallax engine\parallax\libvorbis\lib\vorbisenc.c(841): warning C4244: '=': conversion from 'double' to 'long', possible loss of data
d:\dev\parallax engine\parallax\libvorbis\lib\vorbisenc.c(876): warning C4244: '=': conversion from 'double' to 'int', possible loss of data
d:\dev\parallax engine\parallax\libvorbis\lib\vorbisenc.c(966): warning C4244: '=': conversion from 'double' to 'long', possible loss of data
d:\dev\parallax engine\parallax\libvorbis\lib\vorbisenc.c(968): warning C4244: '=': conversion from 'double' to 'long', possible loss of data
d:\dev\parallax engine\parallax\libvorbis\lib\vorbisenc.c(978): warning C4244: '=': conversion from 'long' to 'float', possible loss of data
d:\dev\parallax engine\parallax\libvorbis\lib\vorbisenc.c(989): warning C4244: '=': conversion from 'double' to 'long', possible loss of data
d:\dev\parallax engine\parallax\libvorbis\lib\vorbisenc.c(1073): warning C4244: '=': conversion from 'double' to 'long', possible loss of data
d:\dev\parallax engine\parallax\libvorbis\lib\vorbisenc.c(1089): warning C4244: '=': conversion from 'double' to 'long', possible loss of data
d:\dev\parallax engine\parallax\libvorbis\lib\vorbisenc.c(1092): warning C4244: '=': conversion from 'double' to 'long', possible loss of data
  vorbisfile.c
d:\dev\parallax engine\parallax\libvorbis\lib\vorbisfile.c(71): warning C4267: 'initializing': conversion from 'size_t' to 'long', possible loss of data
d:\dev\parallax engine\parallax\libvorbis\lib\vorbisfile.c(258): warning C4244: 'function': conversion from 'ogg_int64_t' to 'long', possible loss of data
d:\dev\parallax engine\parallax\libvorbis\lib\vorbisfile.c(272): warning C4244: '=': conversion from 'ogg_int64_t' to 'int', possible loss of data
d:\dev\parallax engine\parallax\libvorbis\lib\vorbisfile.c(544): warning C4244: 'return': conversion from 'ogg_int64_t' to 'int', possible loss of data
d:\dev\parallax engine\parallax\libvorbis\lib\vorbisfile.c(565): warning C4244: 'return': conversion from 'ogg_int64_t' to 'int', possible loss of data
d:\dev\parallax engine\parallax\libvorbis\lib\vorbisfile.c(568): warning C4244: 'return': conversion from 'ogg_int64_t' to 'int', possible loss of data
d:\dev\parallax engine\parallax\libvorbis\lib\vorbisfile.c(578): warning C4244: 'return': conversion from 'ogg_int64_t' to 'int', possible loss of data
d:\dev\parallax engine\parallax\libvorbis\lib\vorbisfile.c(640): warning C4244: 'return': conversion from 'ogg_int64_t' to 'int', possible loss of data
d:\dev\parallax engine\parallax\libvorbis\lib\vorbisfile.c(873): warning C4244: 'function': conversion from 'ogg_int64_t' to 'long', possible loss of data
d:\dev\parallax engine\parallax\libvorbis\lib\vorbisfile.c(1117): warning C4244: '=': conversion from 'double' to 'float', possible loss of data
d:\dev\parallax engine\parallax\libvorbis\lib\vorbisfile.c(1118): warning C4244: 'return': conversion from 'double' to 'long', possible loss of data
d:\dev\parallax engine\parallax\libvorbis\lib\vorbisfile.c(1122): warning C4244: 'return': conversion from 'double' to 'long', possible loss of data
d:\dev\parallax engine\parallax\libvorbis\lib\vorbisfile.c(1150): warning C4244: '=': conversion from 'double' to 'long', possible loss of data
d:\dev\parallax engine\parallax\libvorbis\lib\vorbisfile.c(1763): warning C4244: '=': conversion from 'ogg_int64_t' to 'long', possible loss of data
d:\dev\parallax engine\parallax\libvorbis\lib\vorbisfile.c(1800): warning C4244: 'initializing': conversion from 'double' to 'ogg_int64_t', possible loss of data
d:\dev\parallax engine\parallax\libvorbis\lib\vorbisfile.c(1830): warning C4244: 'initializing': conversion from 'double' to 'ogg_int64_t', possible loss of data
d:\dev\parallax engine\parallax\libvorbis\lib\vorbisfile.c(2166): warning C4244: 'initializing': conversion from 'double' to 'float', possible loss of data
  window.c
  libvorbis.vcxproj -> D:\dev\parallax engine\parallax\libvorbis\build\libvorbis.lib
